#
# There is insufficient memory for the Java Runtime Environment to continue.
# Native memory allocation (mmap) failed to map 268435456 bytes for G1 virtual space
# Possible reasons:
#   The system is out of physical RAM or swap space
#   The process is running with CompressedOops enabled, and the Java Heap may be blocking the growth of the native heap
# Possible solutions:
#   Reduce memory load on the system
#   Increase physical memory or swap space
#   Check if swap backing store is full
#   Decrease Java heap size (-Xmx/-Xms)
#   Decrease number of Java threads
#   Decrease Java thread stack sizes (-Xss)
#   Set larger code cache with -XX:ReservedCodeCacheSize=
#   JVM is running with Zero Based Compressed Oops mode in which the Java heap is
#     placed in the first 32GB address space. The Java Heap base address is the
#     maximum limit for the native heap growth. Please use -XX:HeapBaseMinAddress
#     to set the Java Heap base and to place the Java Heap above 32GB virtual address.
# This output file may be truncated or incomplete.
#
#  Out of Memory Error (os_windows.cpp:3527), pid=18868, tid=1096
#
# JRE version:  (19.0.1+10) (build )
# Java VM: Java HotSpot(TM) 64-Bit Server VM (19.0.1+10-21, mixed mode, sharing, tiered, compressed oops, compressed class ptrs, g1 gc, windows-amd64)
# No core dump will be written. Minidumps are not enabled by default on client versions of Windows
#

---------------  S U M M A R Y ------------

Command Line: -Dclassworlds.conf=C:\Program Files\NetBeans-16\netbeans\java\maven\bin\m2.conf -Dmaven.home=C:\Program Files\NetBeans-16\netbeans\java\maven -Dlibrary.jansi.path=C:\Program Files\NetBeans-16\netbeans\java\maven\lib\jansi-native -Dmaven.multiModuleProjectDirectory=C:\Users\dario\Documents\NetBeansProjects\ProgettoAzienda org.codehaus.plexus.classworlds.launcher.Launcher -Dexec.vmArgs= -Dexec.args=${exec.vmArgs} -classpath %classpath ${exec.mainClass} ${exec.appArgs} -Dexec.executable=C:\Program Files\Java\jdk-19\bin\java.exe -Dexec.mainClass=view.HomepageImpiegato -Dexec.classpathScope=runtime -Dexec.appArgs= -Dmaven.ext.class.path=C:\Program Files\NetBeans-16\netbeans\java\maven-nblib\netbeans-eventspy.jar org.codehaus.mojo:exec-maven-plugin:3.0.0:exec

Host: Intel(R) Core(TM) i7-7700HQ CPU @ 2.80GHz, 8 cores, 15G,  Windows 10 , 64 bit Build 19041 (10.0.19041.2364)
Time: Wed Jan 25 18:59:46 2023 ora solare Europa occidentale elapsed time: 0.018385 seconds (0d 0h 0m 0s)

---------------  T H R E A D  ---------------

Current thread (0x00000277d60727b0):  JavaThread "Unknown thread" [_thread_in_vm, id=1096, stack(0x000000d7a0b00000,0x000000d7a0c00000)]

Stack: [0x000000d7a0b00000,0x000000d7a0c00000]
Native frames: (J=compiled Java code, j=interpreted, Vv=VM code, C=native code)
V  [jvm.dll+0x6ee8fa]
V  [jvm.dll+0x857a1e]
V  [jvm.dll+0x85940e]
V  [jvm.dll+0x859ac3]
V  [jvm.dll+0x28291f]
V  [jvm.dll+0x6eb6e9]
V  [jvm.dll+0x6e028a]
V  [jvm.dll+0x357136]
V  [jvm.dll+0x35eb96]
V  [jvm.dll+0x3b555e]
V  [jvm.dll+0x3b578f]
V  [jvm.dll+0x32c6ea]
V  [jvm.dll+0x32d59e]
V  [jvm.dll+0x821b20]
V  [jvm.dll+0x3c27c1]
V  [jvm.dll+0x8022f1]
V  [jvm.dll+0x44b30f]
V  [jvm.dll+0x44cc91]
C  [jli.dll+0x5287]
C  [ucrtbase.dll+0x21bb2]
C  [KERNEL32.DLL+0x17614]
C  [ntdll.dll+0x526a1]


---------------  P R O C E S S  ---------------

Threads class SMR info:
_java_thread_list=0x00007ffa7044d048, length=0, elements={
}

Java Threads: ( => current thread )

Other Threads:
  0x00000277d60e2b40 WorkerThread "GC Thread#0" [stack: 0x000000d7a0c00000,0x000000d7a0d00000] [id=5432]
  0x00000277d60f3b80 ConcurrentGCThread "G1 Main Marker" [stack: 0x000000d7a0d00000,0x000000d7a0e00000] [id=5368]
  0x00000277d60f4d50 WorkerThread "G1 Conc#0" [stack: 0x000000d7a0e00000,0x000000d7a0f00000] [id=23728]

[error occurred during error reporting (printing all threads), id 0xc0000005, EXCEPTION_ACCESS_VIOLATION (0xc0000005) at pc=0x00007ffa6fc0d127]

VM state: not at safepoint (not fully initialized)

VM Mutex/Monitor currently owned by a thread:  ([mutex/lock_event])
[0x00000277d606d580] Heap_lock - owner thread: 0x00000277d60727b0

Heap address: 0x0000000700c00000, size: 4084 MB, Compressed Oops mode: Zero based, Oop shift amount: 3

CDS archive(s) mapped at: [0x0000000000000000-0x0000000000000000-0x0000000000000000), size 0, SharedBaseAddress: 0x0000000800000000, ArchiveRelocationMode: 0.
Narrow klass base: 0x0000000000000000, Narrow klass shift: 0, Narrow klass range: 0x0

GC Precious Log:
 CardTable entry size: 512
 Card Set container configuration: InlinePtr #cards 4 size 8 Array Of Cards #cards 16 size 48 Howl #buckets 8 coarsen threshold 3686 Howl Bitmap #cards 512 size 80 coarsen threshold 460 Card regions per heap region 1 cards per card region 4096

Heap:
 garbage-first heap   total 0K, used 0K [0x0000000700c00000, 0x0000000800000000)
  region size 2048K, 0 young (0K), 0 survivors (0K)

[error occurred during error reporting (printing heap information), id 0xc0000005, EXCEPTION_ACCESS_VIOLATION (0xc0000005) at pc=0x00007ffa70016959]

GC Heap History (0 events):
No events

Dll operation events (1 events):
Event: 0.008 Loaded shared library C:\Program Files\Java\jdk-19\bin\java.dll

Deoptimization events (0 events):
No events

Classes loaded (0 events):
No events

Classes unloaded (0 events):
No events

Classes redefined (0 events):
No events

Internal exceptions (0 events):
No events

VM Operations (0 events):
No events

Events (0 events):
No events


Dynamic libraries:
0x00007ff6dcc90000 - 0x00007ff6dcca0000 	C:\Program Files\Java\jdk-19\bin\java.exe
0x00007ffb6f650000 - 0x00007ffb6f848000 	C:\WINDOWS\SYSTEM32\ntdll.dll
0x00007ffb2f090000 - 0x00007ffb2f0a7000 	C:\Program Files\Avast Software\Avast\aswhook.dll
0x00007ffb6db70000 - 0x00007ffb6dc2f000 	C:\WINDOWS\System32\KERNEL32.DLL
0x00007ffb6d070000 - 0x00007ffb6d342000 	C:\WINDOWS\System32\KERNELBASE.dll
0x00007ffb6d350000 - 0x00007ffb6d450000 	C:\WINDOWS\System32\ucrtbase.dll
0x00007ffb32520000 - 0x00007ffb32538000 	C:\Program Files\Java\jdk-19\bin\jli.dll
0x00007ffb522e0000 - 0x00007ffb522fb000 	C:\Program Files\Java\jdk-19\bin\VCRUNTIME140.dll
0x00007ffb6e070000 - 0x00007ffb6e11e000 	C:\WINDOWS\System32\ADVAPI32.dll
0x00007ffb6d9f0000 - 0x00007ffb6da8e000 	C:\WINDOWS\System32\msvcrt.dll
0x00007ffb6dc70000 - 0x00007ffb6dd0c000 	C:\WINDOWS\System32\sechost.dll
0x00007ffb6e7a0000 - 0x00007ffb6e8c5000 	C:\WINDOWS\System32\RPCRT4.dll
0x00007ffb6dec0000 - 0x00007ffb6e061000 	C:\WINDOWS\System32\USER32.dll
0x00007ffb6cde0000 - 0x00007ffb6ce02000 	C:\WINDOWS\System32\win32u.dll
0x00007ffb592e0000 - 0x00007ffb5957a000 	C:\WINDOWS\WinSxS\amd64_microsoft.windows.common-controls_6595b64144ccf1df_6.0.19041.1110_none_60b5254171f9507e\COMCTL32.dll
0x00007ffb6dc30000 - 0x00007ffb6dc5b000 	C:\WINDOWS\System32\GDI32.dll
0x00007ffb6cf60000 - 0x00007ffb6d06f000 	C:\WINDOWS\System32\gdi32full.dll
0x00007ffb6ce10000 - 0x00007ffb6cead000 	C:\WINDOWS\System32\msvcp_win.dll
0x00007ffb65b30000 - 0x00007ffb65b3a000 	C:\WINDOWS\SYSTEM32\VERSION.dll
0x00007ffb6da90000 - 0x00007ffb6dac2000 	C:\WINDOWS\System32\IMM32.DLL
0x00007ffb68bb0000 - 0x00007ffb68bbc000 	C:\Program Files\Java\jdk-19\bin\vcruntime140_1.dll
0x00007ffb4d780000 - 0x00007ffb4d80e000 	C:\Program Files\Java\jdk-19\bin\msvcp140.dll
0x00007ffa6f8d0000 - 0x00007ffa70590000 	C:\Program Files\Java\jdk-19\bin\server\jvm.dll
0x00007ffb57b60000 - 0x00007ffb57b69000 	C:\WINDOWS\SYSTEM32\WSOCK32.dll
0x00007ffb5a2c0000 - 0x00007ffb5a2e7000 	C:\WINDOWS\SYSTEM32\WINMM.dll
0x00007ffb6f4f0000 - 0x00007ffb6f55b000 	C:\WINDOWS\System32\WS2_32.dll
0x00007ffb6ac00000 - 0x00007ffb6ac12000 	C:\WINDOWS\SYSTEM32\kernel.appcore.dll
0x00007ffb58710000 - 0x00007ffb5871a000 	C:\Program Files\Java\jdk-19\bin\jimage.dll
0x00007ffb5d4a0000 - 0x00007ffb5d684000 	C:\WINDOWS\SYSTEM32\DBGHELP.DLL
0x00007ffb5d410000 - 0x00007ffb5d445000 	C:\WINDOWS\SYSTEM32\dbgcore.DLL
0x00007ffb6d600000 - 0x00007ffb6d682000 	C:\WINDOWS\System32\bcryptPrimitives.dll
0x00007ffb4dad0000 - 0x00007ffb4daf6000 	C:\Program Files\Java\jdk-19\bin\java.dll

dbghelp: loaded successfully - version: 4.0.5 - missing functions: none
symbol engine: initialized successfully - sym options: 0x614 - pdb path: .;C:\Program Files\Java\jdk-19\bin;C:\WINDOWS\SYSTEM32;C:\Program Files\Avast Software\Avast;C:\WINDOWS\WinSxS\amd64_microsoft.windows.common-controls_6595b64144ccf1df_6.0.19041.1110_none_60b5254171f9507e;C:\Program Files\Java\jdk-19\bin\server

VM Arguments:
jvm_args: -Dclassworlds.conf=C:\Program Files\NetBeans-16\netbeans\java\maven\bin\m2.conf -Dmaven.home=C:\Program Files\NetBeans-16\netbeans\java\maven -Dlibrary.jansi.path=C:\Program Files\NetBeans-16\netbeans\java\maven\lib\jansi-native -Dmaven.multiModuleProjectDirectory=C:\Users\dario\Documents\NetBeansProjects\ProgettoAzienda 
java_command: org.codehaus.plexus.classworlds.launcher.Launcher -Dexec.vmArgs= -Dexec.args=${exec.vmArgs} -classpath %classpath ${exec.mainClass} ${exec.appArgs} -Dexec.executable=C:\Program Files\Java\jdk-19\bin\java.exe -Dexec.mainClass=view.HomepageImpiegato -Dexec.classpathScope=runtime -Dexec.appArgs= -Dmaven.ext.class.path=C:\Program Files\NetBeans-16\netbeans\java\maven-nblib\netbeans-eventspy.jar org.codehaus.mojo:exec-maven-plugin:3.0.0:exec
java_class_path (initial): C:\Program Files\NetBeans-16\netbeans\java\maven\boot\plexus-classworlds-2.6.0.jar
Launcher Type: SUN_STANDARD

[Global flags]
     intx CICompilerCount                          = 4                                         {product} {ergonomic}
     uint ConcGCThreads                            = 2                                         {product} {ergonomic}
     uint G1ConcRefinementThreads                  = 8                                         {product} {ergonomic}
   size_t G1HeapRegionSize                         = 2097152                                   {product} {ergonomic}
    uintx GCDrainStackTargetSize                   = 64                                        {product} {ergonomic}
   size_t InitialHeapSize                          = 268435456                                 {product} {ergonomic}
   size_t MarkStackSize                            = 4194304                                   {product} {ergonomic}
   size_t MaxHeapSize                              = 4282384384                                {product} {ergonomic}
   size_t MinHeapDeltaBytes                        = 2097152                                   {product} {ergonomic}
   size_t MinHeapSize                              = 8388608                                   {product} {ergonomic}
    uintx NonNMethodCodeHeapSize                   = 5839372                                {pd product} {ergonomic}
    uintx NonProfiledCodeHeapSize                  = 122909434                              {pd product} {ergonomic}
    uintx ProfiledCodeHeapSize                     = 122909434                              {pd product} {ergonomic}
    uintx ReservedCodeCacheSize                    = 251658240                              {pd product} {ergonomic}
     bool SegmentedCodeCache                       = true                                      {product} {ergonomic}
   size_t SoftMaxHeapSize                          = 4282384384                             {manageable} {ergonomic}
     bool UseCompressedClassPointers               = true                           {product lp64_product} {ergonomic}
     bool UseCompressedOops                        = true                           {product lp64_product} {ergonomic}
     bool UseG1GC                                  = true                                      {product} {ergonomic}
     bool UseLargePagesIndividualAllocation        = false                                  {pd product} {ergonomic}

Logging:
Log output configuration:
 #0: stdout all=warning uptime,level,tags foldmultilines=false
 #1: stderr all=off uptime,level,tags foldmultilines=false

Environment Variables:
JAVA_HOME=C:\Program Files\Java\jdk-19
PATH=C:\Program Files\Common Files\Oracle\Java\javapath;C:\Program Files\NVIDIA GPU Computing Toolkit\CUDA\v10.1\bin;C:\Program Files\NVIDIA GPU Computing Toolkit\CUDA\v10.1\libnvvp;C:\Program Files (x86)\Common Files\Intel\Shared Libraries\redist\intel64\compiler;C:\Program Files (x86)\Common Files\Oracle\Java\javapath;C:\Program Files (x86)\Intel\iCLS Client\;C:\Program Files\Intel\iCLS Client\;C:\windows\system32;C:\windows;C:\windows\System32\Wbem;C:\windows\System32\WindowsPowerShell\v1.0\;C:\Program Files (x86)\Intel\Intel(R) Management Engine Components\DAL;C:\Program Files\Intel\Intel(R) Management Engine Components\DAL;C:\Program Files (x86)\Intel\Intel(R) Management Engine Components\IPT;C:\Program Files\Intel\Intel(R) Management Engine Components\IPT;C:\WINDOWS\system32;C:\WINDOWS;C:\WINDOWS\System32\Wbem;C:\WINDOWS\System32\WindowsPowerShell\v1.0\;C:\WINDOWS\System32\OpenSSH\;C:\Program Files\NVIDIA Corporation\NVIDIA NvDLISR;C:\Program Files\NVIDIA Corporation\Nsight Compute 2019.4.0\;C:\WINDOWS\system32;C:\WINDOWS;C:\WINDOWS\System32\Wbem;C:\WINDOWS\System32\WindowsPowerShell\v1.0\;C:\WINDOWS\System32\OpenSSH\;C:\MinGW\bin;C:\Program Files\dotnet\;C:\Program Files\Git\cmd;C:\Program Files\Microsoft SQL Server\130\Tools\Binn\;C:\Program Files\Microsoft SQL Server\Client SDK\ODBC\170\Tools\Binn\;C:\Program Files (x86)\NVIDIA Corporation\PhysX\Common;D:\programmi\Matlab\bin;C:\Users\dario\AppData\Local\Microsoft\WindowsApps;C:\texlive\2020\bin\win32;C:\iverilog\bin;C:\iverilog\gtkwave\bin;C:\Users\dario\AppData\Local\Microsoft\WindowsApps;C:\Users\dario\.dotnet\tools;C:\Users\dario\AppData\Local\GitHubDesktop\bin
USERNAME=dario
OS=Windows_NT
PROCESSOR_IDENTIFIER=Intel64 Family 6 Model 158 Stepping 9, GenuineIntel
TMP=C:\Users\dario\AppData\Local\Temp
TEMP=C:\Users\dario\AppData\Local\Temp



---------------  S Y S T E M  ---------------

OS:
 Windows 10 , 64 bit Build 19041 (10.0.19041.2364)
OS uptime: 0 days 8:49 hours

CPU: total 8 (initial active 8) (4 cores per cpu, 2 threads per core) family 6 model 158 stepping 9 microcode 0xb4, cx8, cmov, fxsr, ht, mmx, 3dnowpref, sse, sse2, sse3, ssse3, sse4.1, sse4.2, popcnt, lzcnt, tsc, tscinvbit, avx, avx2, aes, erms, clmul, bmi1, bmi2, adx, fma, vzeroupper, clflush, clflushopt, rdtscp

Memory: 4k page, system-wide physical 16334M (4481M free)
TotalPageFile size 32209M (AvailPageFile size 177M)
current process WorkingSet (physical memory assigned to process): 11M, peak: 11M
current process commit charge ("private bytes"): 60M, peak: 316M

vm_info: Java HotSpot(TM) 64-Bit Server VM (19.0.1+10-21) for windows-amd64 JRE (19.0.1+10-21), built on 2022-09-14T12:45:06Z by "mach5one" with MS VC++ 17.1 (VS2022)

END.
